<?xml version="1.0" encoding="UTF-8"?>
<!-- Generated by org.testng.reporters.JUnitXMLReporter -->
<testsuite ignored="0" hostname="Balajis-MacBook-Pro.local" failures="0" tests="3" name="ModuleOneTest" time="0.019" errors="0" timestamp="15 Jun 2021 10:31:21 GMT">
  <testcase classname="parallelScripts.MethodTest" name="methodOne" time="0.006"/>
  <testcase classname="parallelScripts.MethodTest" name="methodTwo" time="0.007"/>
  <testcase classname="parallelScripts.MethodTest" name="methodThreee" time="0.007"/>
</testsuite> <!-- ModuleOneTest -->
