<?xml version="1.0" encoding="UTF-8"?>
<testng-results ignored="0" total="1" passed="1" failed="0" skipped="0">
  <reporter-output>
  </reporter-output>
  <suite started-at="2021-06-17T11:54:13Z" name="Suite" finished-at="2021-06-17T11:54:24Z" duration-ms="10979">
    <groups>
    </groups>
    <test started-at="2021-06-17T11:54:13Z" name="ModuleOneTest" finished-at="2021-06-17T11:54:24Z" duration-ms="10979">
      <class name="dataScriptsTestNG.DataParamTest">
        <test-method is-config="true" signature="launchbrowser(java.lang.String)[pri:0, instance:dataScriptsTestNG.DataParamTest@57d5872c]" started-at="2021-06-17T17:24:13Z" name="launchbrowser" finished-at="2021-06-17T17:24:15Z" duration-ms="2098" status="PASS">
          <params>
            <param index="0">
              <value>
                <![CDATA[chrome]]>
              </value>
            </param>
          </params>
          <reporter-output>
          </reporter-output>
        </test-method> <!-- launchbrowser -->
        <test-method signature="login(java.lang.String, java.lang.String)[pri:0, instance:dataScriptsTestNG.DataParamTest@57d5872c]" started-at="2021-06-17T17:24:15Z" name="login" data-provider="testdata" finished-at="2021-06-17T17:24:24Z" duration-ms="8739" status="PASS">
          <params>
            <param index="0">
              <value>
                <![CDATA[tomsmith]]>
              </value>
            </param>
            <param index="1">
              <value>
                <![CDATA[SuperSecretPassword!]]>
              </value>
            </param>
          </params>
          <reporter-output>
          </reporter-output>
        </test-method> <!-- login -->
        <test-method is-config="true" signature="teardown()[pri:0, instance:dataScriptsTestNG.DataParamTest@57d5872c]" started-at="2021-06-17T17:24:24Z" name="teardown" finished-at="2021-06-17T17:24:24Z" duration-ms="128" status="PASS">
          <reporter-output>
          </reporter-output>
        </test-method> <!-- teardown -->
      </class> <!-- dataScriptsTestNG.DataParamTest -->
    </test> <!-- ModuleOneTest -->
  </suite> <!-- Suite -->
</testng-results>
